<?xml version="1.0" encoding="UTF-8"?>
<!-- Generated by org.testng.reporters.JUnitReportReporter -->
<testsuite hostname="Rajesh" failures="0" tests="3" name="Testcases.SignUp" time="22.109" errors="0" timestamp="2025-02-13T16:06:58 IST" skipped="2">
  <testcase classname="Testcases.SignUp" name="testOTPRefresh" time="22.109"/>
  <system-out/>
  <testcase classname="Testcases.SignUp" name="resendOTPTest">
    <skipped/>
  </testcase> <!-- resendOTPTest -->
  <system-out/>
  <testcase classname="Testcases.SignUp" name="verify_Mobile01_OTP">
    <skipped/>
  </testcase> <!-- verify_Mobile01_OTP -->
  <system-out/>
</testsuite> <!-- Testcases.SignUp -->
