<?xml version="1.0" encoding="UTF-8"?>
<!-- Generated by org.testng.reporters.JUnitReportReporter -->
<testsuite hostname="Rajesh" failures="0" tests="1" name="Testcases.SuperJ_Login" time="41.589" errors="0" timestamp="2025-04-29T11:22:57 IST" skipped="0">
  <testcase classname="Testcases.SuperJ_Login" name="VerifytheHomepage" time="41.589"/>
  <system-out/>
</testsuite> <!-- Testcases.SuperJ_Login -->
