<?xml version="1.0" encoding="UTF-8"?>
<!-- Generated by org.testng.reporters.JUnitReportReporter -->
<testsuite hostname="Rajesh" failures="0" tests="2" name="Testcases.Post_login" time="15.544" errors="0" timestamp="2025-04-01T11:59:08 IST" skipped="0">
  <testcase classname="Testcases.Post_login" name="VerifytheHomepage" time="7.888"/>
  <system-out/>
  <testcase classname="Testcases.Post_login" name="VerifytheHomepage" time="7.656"/>
  <system-out/>
</testsuite> <!-- Testcases.Post_login -->
