<?xml version="1.0" encoding="UTF-8"?>
<!-- Generated by org.testng.reporters.JUnitReportReporter -->
<testsuite hostname="Rajesh" failures="0" tests="7" name="Testcases.Post_login_main$SuperJTests" time="0.021" errors="0" timestamp="2025-04-29T12:20:49 IST" skipped="0">
  <testcase classname="Testcases.Post_login_main$SuperJTests" name="VerifytheHomepage" time="0.013"/>
  <system-out/>
  <testcase classname="Testcases.Post_login_main$SuperJTests" name="SurveyCard" time="0.001"/>
  <system-out/>
  <testcase classname="Testcases.Post_login_main$SuperJTests" name="Wallet_cahout" time="0.002"/>
  <system-out/>
  <testcase classname="Testcases.Post_login_main$SuperJTests" name="Check_transaction_history" time="0.001"/>
  <system-out/>
  <testcase classname="Testcases.Post_login_main$SuperJTests" name="Verify_Session_Expiry_After_Logout" time="0.001"/>
  <system-out/>
  <testcase classname="Testcases.Post_login_main$SuperJTests" name="countVisibleSurveyCards" time="0.001"/>
  <system-out/>
  <testcase classname="Testcases.Post_login_main$SuperJTests" name="Login_logout_withinvalid_OTP" time="0.002"/>
  <system-out/>
</testsuite> <!-- Testcases.Post_login_main$SuperJTests -->
